<?xml version="1.0" encoding="UTF-8"?>
<!-- Generated by org.testng.reporters.JUnitReportReporter -->
<testsuite hostname="localhost.localdomain" failures="0" tests="3" name="tests.ProductDetailsPageTest" time="1.654" errors="0" timestamp="2023-05-20T16:08:12 IST" skipped="0">
  <testcase classname="tests.ProductDetailsPageTest" name="checkProductWithListingPage" time="0.388"/>
  <system-out/>
  <testcase classname="tests.ProductDetailsPageTest" name="checkProductItemCount" time="1.101"/>
  <system-out/>
  <testcase classname="tests.ProductDetailsPageTest" name="checkControls" time="0.165"/>
  <system-out/>
</testsuite> <!-- tests.ProductDetailsPageTest -->
