<?xml version="1.0" encoding="UTF-8"?>
<!-- Generated by org.testng.reporters.JUnitReportReporter -->
<testsuite hostname="localhost.localdomain" failures="0" tests="6" name="tests.ProductsListingPageTest" time="35.496" errors="0" timestamp="2023-05-20T16:08:12 IST" skipped="0">
  <testcase classname="tests.ProductsListingPageTest" name="checkSectionTitle" time="0.881"/>
  <system-out/>
  <testcase classname="tests.ProductsListingPageTest" name="checkFeaturedProductsTitle" time="0.104"/>
  <system-out/>
  <testcase classname="tests.ProductsListingPageTest" name="checkCategoryCard" time="0.205"/>
  <system-out/>
  <testcase classname="tests.ProductsListingPageTest" name="checkCategoryPage" time="15.654"/>
  <system-out/>
  <testcase classname="tests.ProductsListingPageTest" name="checkSortByOptionInCategoryPage" time="18.011"/>
  <system-out/>
  <testcase classname="tests.ProductsListingPageTest" name="checkProduct" time="0.641"/>
  <system-out/>
</testsuite> <!-- tests.ProductsListingPageTest -->
