<?xml version="1.0" encoding="UTF-8"?>
<!-- Generated by org.testng.reporters.JUnitReportReporter -->
<testsuite hostname="localhost.localdomain" failures="0" tests="3" name="tests.CheckoutPageTest" time="102.906" errors="0" timestamp="2023-05-20T16:08:12 IST" skipped="0">
  <testcase classname="tests.CheckoutPageTest" name="checkCheckoutUrl" time="46.704"/>
  <system-out/>
  <testcase classname="tests.CheckoutPageTest" name="checkCheckoutPageComponents" time="6.829"/>
  <system-out/>
  <testcase classname="tests.CheckoutPageTest" name="checkContinueToPaymentOptionErrorCase" time="49.373"/>
  <system-out/>
</testsuite> <!-- tests.CheckoutPageTest -->
