<?xml version="1.0" encoding="UTF-8"?>
<!-- Generated by org.testng.reporters.JUnitReportReporter -->
<testsuite hostname="localhost.localdomain" failures="0" tests="3" name="tests.CartPageTest" time="59.678" errors="0" timestamp="2023-05-20T16:08:12 IST" skipped="0">
  <testcase classname="tests.CartPageTest" name="checkCartIcon" time="0.828"/>
  <system-out/>
  <testcase classname="tests.CartPageTest" name="checkAddToCartFunctionality" time="28.697"/>
  <system-out/>
  <testcase classname="tests.CartPageTest" name="checkCartPage" time="30.153"/>
  <system-out/>
</testsuite> <!-- tests.CartPageTest -->
